<?xml version="1.0" encoding="UTF-8"?>
<!-- Generated by org.testng.reporters.JUnitReportReporter -->
<testsuite hostname="LAPTOP-E6SRQGTN" failures="0" tests="2" name="apiAutomation.RestAssuredAPITest" time="61.961" errors="0" timestamp="2022-11-02T21:45:01 IST" skipped="1">
  <testcase classname="apiAutomation.RestAssuredAPITest" name="postRequestBooksAPI" time="61.961"/>
  <system-out/>
  <testcase classname="apiAutomation.RestAssuredAPITest" name="GetBooksDetails">
    <skipped/>
  </testcase> <!-- GetBooksDetails -->
  <system-out/>
</testsuite> <!-- apiAutomation.RestAssuredAPITest -->
