<?xml version="1.0" encoding="UTF-8"?>
<!-- Generated by org.testng.reporters.JUnitReportReporter -->
<testsuite hostname="LAPTOP-E6SRQGTN" failures="0" tests="2" name="cucumber.TestNGTestRunner" time="35.631" errors="0" timestamp="2022-10-14T09:44:17 IST" skipped="0">
  <testcase classname="cucumber.TestNGTestRunner" name="runScenario" time="16.851"/>
  <system-out/>
  <testcase classname="cucumber.TestNGTestRunner" name="runScenario" time="18.780"/>
  <system-out/>
</testsuite> <!-- cucumber.TestNGTestRunner -->
